\BOOKMARK [1][-]{section.1}{Graph Basics}{}% 1
\BOOKMARK [2][-]{subsection.1.1}{Graph Overview}{section.1}% 2
\BOOKMARK [2][-]{subsection.1.2}{Digraph}{section.1}% 3
\BOOKMARK [2][-]{subsection.1.3}{Graph representation}{section.1}% 4
\BOOKMARK [3][-]{subsubsection.1.3.1}{Adjacency matrices}{subsection.1.3}% 5
\BOOKMARK [3][-]{subsubsection.1.3.2}{Adjacency list}{subsection.1.3}% 6
\BOOKMARK [2][-]{subsection.1.4}{Supergraphs and subgraphs}{section.1}% 7
\BOOKMARK [2][-]{subsection.1.5}{Graph Isomorphism}{section.1}% 8
\BOOKMARK [1][-]{section.2}{Ullman Algorithm}{}% 9
\BOOKMARK [2][-]{subsection.2.1}{Background}{section.2}% 10
\BOOKMARK [2][-]{subsection.2.2}{Algorithm}{section.2}% 11
\BOOKMARK [1][-]{section.3}{VF2 Algorithm}{}% 12
\BOOKMARK [2][-]{subsection.3.1}{Background}{section.3}% 13
\BOOKMARK [2][-]{subsection.3.2}{Algorithm}{section.3}% 14
\BOOKMARK [3][-]{subsubsection.3.2.1}{Overview}{subsection.3.2}% 15
\BOOKMARK [3][-]{subsubsection.3.2.2}{Matching and Mapping definition}{subsection.3.2}% 16
\BOOKMARK [3][-]{subsubsection.3.2.3}{Mapping Procedure}{subsection.3.2}% 17
\BOOKMARK [3][-]{subsubsection.3.2.4}{Definition of the set P\(s\) and of the feasibility function F\(s, n, m\)}{subsection.3.2}% 18
\BOOKMARK [3][-]{subsubsection.3.2.5}{Condidate Pairs}{subsection.3.2}% 19
\BOOKMARK [3][-]{subsubsection.3.2.6}{The feasibility rules}{subsection.3.2}% 20
